

Started GET "/" for 127.0.0.1 at 2014-08-09 14:17:34 +0530
Processing by Rails::WelcomeController#index as HTML
  Rendered /Users/kvanainc2/.rvm/gems/ruby-2.0.0-p247/gems/railties-4.1.4/lib/rails/templates/rails/welcome/index.html.erb (1.3ms)
Completed 200 OK in 14ms (Views: 6.1ms | ActiveRecord: 0.0ms)


Started GET "/" for 127.0.0.1 at 2014-08-09 14:22:57 +0530
Processing by Rails::WelcomeController#index as HTML
  Rendered /Users/kvanainc2/.rvm/gems/ruby-2.0.0-p247/gems/railties-4.1.4/lib/rails/templates/rails/welcome/index.html.erb (0.1ms)
Completed 200 OK in 1ms (Views: 0.9ms | ActiveRecord: 0.0ms)


Started GET "/home" for 127.0.0.1 at 2014-08-09 14:23:04 +0530

ActionController::RoutingError (No route matches [GET] "/home"):
  actionpack (4.1.4) lib/action_dispatch/middleware/debug_exceptions.rb:21:in `call'
  actionpack (4.1.4) lib/action_dispatch/middleware/show_exceptions.rb:30:in `call'
  railties (4.1.4) lib/rails/rack/logger.rb:38:in `call_app'
  railties (4.1.4) lib/rails/rack/logger.rb:20:in `block in call'
  activesupport (4.1.4) lib/active_support/tagged_logging.rb:68:in `block in tagged'
  activesupport (4.1.4) lib/active_support/tagged_logging.rb:26:in `tagged'
  activesupport (4.1.4) lib/active_support/tagged_logging.rb:68:in `tagged'
  railties (4.1.4) lib/rails/rack/logger.rb:20:in `call'
  actionpack (4.1.4) lib/action_dispatch/middleware/request_id.rb:21:in `call'
  rack (1.5.2) lib/rack/methodoverride.rb:21:in `call'
  rack (1.5.2) lib/rack/runtime.rb:17:in `call'
  activesupport (4.1.4) lib/active_support/cache/strategy/local_cache_middleware.rb:26:in `call'
  rack (1.5.2) lib/rack/lock.rb:17:in `call'
  actionpack (4.1.4) lib/action_dispatch/middleware/static.rb:64:in `call'
  rack (1.5.2) lib/rack/sendfile.rb:112:in `call'
  railties (4.1.4) lib/rails/engine.rb:514:in `call'
  railties (4.1.4) lib/rails/application.rb:144:in `call'
  rack (1.5.2) lib/rack/lock.rb:17:in `call'
  rack (1.5.2) lib/rack/content_length.rb:14:in `call'
  rack (1.5.2) lib/rack/handler/webrick.rb:60:in `service'
  /Users/kvanainc2/.rvm/rubies/ruby-2.0.0-p247/lib/ruby/2.0.0/webrick/httpserver.rb:138:in `service'
  /Users/kvanainc2/.rvm/rubies/ruby-2.0.0-p247/lib/ruby/2.0.0/webrick/httpserver.rb:94:in `run'
  /Users/kvanainc2/.rvm/rubies/ruby-2.0.0-p247/lib/ruby/2.0.0/webrick/server.rb:295:in `block in start_thread'


  Rendered /Users/kvanainc2/.rvm/gems/ruby-2.0.0-p247/gems/actionpack-4.1.4/lib/action_dispatch/middleware/templates/rescues/_trace.html.erb (0.7ms)
  Rendered /Users/kvanainc2/.rvm/gems/ruby-2.0.0-p247/gems/actionpack-4.1.4/lib/action_dispatch/middleware/templates/routes/_route.html.erb (0.6ms)
  Rendered /Users/kvanainc2/.rvm/gems/ruby-2.0.0-p247/gems/actionpack-4.1.4/lib/action_dispatch/middleware/templates/routes/_table.html.erb (31.7ms)
  Rendered /Users/kvanainc2/.rvm/gems/ruby-2.0.0-p247/gems/actionpack-4.1.4/lib/action_dispatch/middleware/templates/rescues/routing_error.html.erb within rescues/layout (61.1ms)


Started GET "/" for 127.0.0.1 at 2014-08-09 15:08:48 +0530
Processing by Rails::WelcomeController#index as HTML
  Rendered /Users/kvanainc2/.rvm/gems/ruby-2.0.0-p247/gems/railties-4.1.4/lib/rails/templates/rails/welcome/index.html.erb (0.1ms)
Completed 200 OK in 1ms (Views: 0.8ms | ActiveRecord: 0.0ms)


Started GET "/" for 127.0.0.1 at 2014-08-09 15:09:53 +0530
Processing by PagesController#home as HTML
  Rendered pages/home.html.erb within layouts/application (0.3ms)
Completed 200 OK in 793ms (Views: 792.2ms | ActiveRecord: 0.0ms)


Started GET "/assets/pages.css?body=1" for 127.0.0.1 at 2014-08-09 15:09:54 +0530


Started GET "/assets/jquery_ujs.js?body=1" for 127.0.0.1 at 2014-08-09 15:09:54 +0530


Started GET "/assets/application.css?body=1" for 127.0.0.1 at 2014-08-09 15:09:54 +0530


Started GET "/assets/jquery.js?body=1" for 127.0.0.1 at 2014-08-09 15:09:54 +0530


Started GET "/assets/turbolinks.js?body=1" for 127.0.0.1 at 2014-08-09 15:09:54 +0530


Started GET "/assets/pages.js?body=1" for 127.0.0.1 at 2014-08-09 15:09:54 +0530


Started GET "/assets/application.js?body=1" for 127.0.0.1 at 2014-08-09 15:09:54 +0530
